Unity Editor version:    2021.3.19f1 (c9714fde33b6)
Branch:                  2021.3/staging
Build type:              Release
Batch mode:              YES
macOS version:           Version 14.1 (Build 23B74)
Darwin version:          23.1.0
Architecture:            x86_64
Running under Rosetta:   NO
Available memory:        8192 MB
Using pre-set license
Pro License: YES

COMMAND LINE ARGUMENTS:
/Applications/Unity/Hub/Editor/2021.3.19f1/Unity.app/Contents/MacOS/Unity
-adb2
-batchMode
-noUpm
-name
AssetImportWorker0
-projectPath
/Users/domingomora/Desktop/Universidad/opt/Coding/graficasComputacionales/Mio/TC2008B/My project
-logFile
Logs/AssetImportWorker0.log
-srvPort
58092
Successfully changed project path to: /Users/domingomora/Desktop/Universidad/opt/Coding/graficasComputacionales/Mio/TC2008B/My project
/Users/domingomora/Desktop/Universidad/opt/Coding/graficasComputacionales/Mio/TC2008B/My project
[UnityMemory] Configuration Parameters - Can be set up in boot.config
    "memorysetup-bucket-allocator-granularity=16"
    "memorysetup-bucket-allocator-bucket-count=8"
    "memorysetup-bucket-allocator-block-size=33554432"
    "memorysetup-bucket-allocator-block-count=8"
    "memorysetup-main-allocator-block-size=16777216"
    "memorysetup-thread-allocator-block-size=16777216"
    "memorysetup-gfx-main-allocator-block-size=16777216"
    "memorysetup-gfx-thread-allocator-block-size=16777216"
    "memorysetup-cache-allocator-block-size=4194304"
    "memorysetup-typetree-allocator-block-size=2097152"
    "memorysetup-profiler-bucket-allocator-granularity=16"
    "memorysetup-profiler-bucket-allocator-bucket-count=8"
    "memorysetup-profiler-bucket-allocator-block-size=33554432"
    "memorysetup-profiler-bucket-allocator-block-count=8"
    "memorysetup-profiler-allocator-block-size=16777216"
    "memorysetup-profiler-editor-allocator-block-size=1048576"
    "memorysetup-temp-allocator-size-main=16777216"
    "memorysetup-job-temp-allocator-block-size=2097152"
    "memorysetup-job-temp-allocator-block-size-background=1048576"
    "memorysetup-job-temp-allocator-reduction-small-platforms=262144"
    "memorysetup-temp-allocator-size-background-worker=32768"
    "memorysetup-temp-allocator-size-job-worker=262144"
    "memorysetup-temp-allocator-size-preload-manager=33554432"
    "memorysetup-temp-allocator-size-nav-mesh-worker=65536"
    "memorysetup-temp-allocator-size-audio-worker=65536"
    "memorysetup-temp-allocator-size-cloud-worker=32768"
    "memorysetup-temp-allocator-size-gi-baking-worker=262144"
    "memorysetup-temp-allocator-size-gfx=262144"
Player connection [140704278219584] Host "[IP] 192.168.5.227 [Port] 0 [Flags] 2 [Guid] 2344535750 [EditorId] 2344535750 [Version] 1048832 [Id] OSXEditor(0,Domingos-MBP.localdomain) [Debug] 1 [PackageName] OSXEditor [ProjectName] Editor" joined multi-casting on [225.0.0.222:54997]...

Player connection [140704278219584] Host "[IP] 192.168.5.227 [Port] 0 [Flags] 2 [Guid] 2344535750 [EditorId] 2344535750 [Version] 1048832 [Id] OSXEditor(0,Domingos-MBP.localdomain) [Debug] 1 [PackageName] OSXEditor [ProjectName] Editor" joined alternative multi-casting on [225.0.0.222:34997]...

Refreshing native plugins compatible for Editor in 520.84 ms, found 2 plugins.
Preloading 0 native plugins for Editor in 0.00 ms.
Initialize engine version: 2021.3.19f1 (c9714fde33b6)
[Subsystems] Discovering subsystems at path /Applications/Unity/Hub/Editor/2021.3.19f1/Unity.app/Contents/Resources/UnitySubsystems
[Subsystems] Discovering subsystems at path /Users/domingomora/Desktop/Universidad/opt/Coding/graficasComputacionales/Mio/TC2008B/My project/Assets
GfxDevice: creating device client; threaded=0; jobified=0
Color LCD preferred device: Intel(R) Iris(TM) Plus Graphics 645 (low power)
Metal devices available: 1
0: Intel(R) Iris(TM) Plus Graphics 645 (low power)
Using device Intel(R) Iris(TM) Plus Graphics 645 (low power)
Initializing Metal device caps: Intel(R) Iris(TM) Plus Graphics 645
Initialize mono
Mono path[0] = '/Applications/Unity/Hub/Editor/2021.3.19f1/Unity.app/Contents/Managed'
Mono path[1] = '/Applications/Unity/Hub/Editor/2021.3.19f1/Unity.app/Contents/MonoBleedingEdge/lib/mono/unityjit-macos'
Mono config path = '/Applications/Unity/Hub/Editor/2021.3.19f1/Unity.app/Contents/MonoBleedingEdge/etc'
Using monoOptions --debugger-agent=transport=dt_socket,embedding=1,server=y,suspend=n,address=127.0.0.1:56834
Begin MonoManager ReloadAssembly
Registering precompiled unity dll's ...
Register platform support module: /Applications/Unity/Hub/Editor/2021.3.19f1/PlaybackEngines/WebGLSupport/UnityEditor.WebGL.Extensions.dll
Register platform support module: /Applications/Unity/Hub/Editor/2021.3.19f1/Unity.app/Contents/PlaybackEngines/MacStandaloneSupport/UnityEditor.OSXStandalone.Extensions.dll
Registered in 0.013538 seconds.
Native extension for OSXStandalone target not found
Native extension for WebGL target not found
Refreshing native plugins compatible for Editor in 193.69 ms, found 2 plugins.
Preloading 0 native plugins for Editor in 0.00 ms.
Mono: successfully reloaded assembly
- Completed reload, in  2.304 seconds
Domain Reload Profiling:
	ReloadAssembly (2305ms)
		BeginReloadAssembly (294ms)
			ExecutionOrderSort (0ms)
			DisableScriptedObjects (0ms)
			BackupInstance (0ms)
			ReleaseScriptingObjects (0ms)
			CreateAndSetChildDomain (2ms)
		EndReloadAssembly (1469ms)
			LoadAssemblies (296ms)
			RebuildTransferFunctionScriptingTraits (3ms)
			SetupTypeCache (419ms)
			ReleaseScriptCaches (0ms)
			RebuildScriptCaches (106ms)
			SetupLoadedEditorAssemblies (791ms)
				LogAssemblyErrors (0ms)
				InitializePlatformSupportModulesInManaged (22ms)
				SetLoadedEditorAssemblies (1ms)
				RefreshPlugins (194ms)
				BeforeProcessingInitializeOnLoad (3ms)
				ProcessInitializeOnLoadAttributes (439ms)
				ProcessInitializeOnLoadMethodAttributes (132ms)
				AfterProcessingInitializeOnLoad (0ms)
				EditorAssembliesLoaded (0ms)
			ExecutionOrderSort2 (0ms)
			AwakeInstancesAfterBackupRestoration (0ms)
Platform modules already initialized, skipping
Registering precompiled user dll's ...
Registered in 0.011932 seconds.
Begin MonoManager ReloadAssembly
Symbol file LoadedFromMemory doesn't match image /Users/domingomora/Desktop/Universidad/opt/Coding/graficasComputacionales/Mio/TC2008B/My project/Library/PackageCache/com.unity.visualscripting@1.8.0/Editor/VisualScripting.Core/Dependencies/YamlDotNet/Unity.VisualScripting.YamlDotNet.dll
Symbol file LoadedFromMemory doesn't match image /Users/domingomora/Desktop/Universidad/opt/Coding/graficasComputacionales/Mio/TC2008B/My project/Library/PackageCache/com.unity.visualscripting@1.8.0/Editor/VisualScripting.Core/Dependencies/DotNetZip/Unity.VisualScripting.IonicZip.dll
Native extension for OSXStandalone target not found
Native extension for WebGL target not found
Refreshing native plugins compatible for Editor in 0.81 ms, found 2 plugins.
Preloading 0 native plugins for Editor in 0.00 ms.
Mono: successfully reloaded assembly
- Completed reload, in  2.813 seconds
Domain Reload Profiling:
	ReloadAssembly (2815ms)
		BeginReloadAssembly (279ms)
			ExecutionOrderSort (0ms)
			DisableScriptedObjects (16ms)
			BackupInstance (0ms)
			ReleaseScriptingObjects (0ms)
			CreateAndSetChildDomain (84ms)
		EndReloadAssembly (2164ms)
			LoadAssemblies (514ms)
			RebuildTransferFunctionScriptingTraits (0ms)
			SetupTypeCache (737ms)
			ReleaseScriptCaches (4ms)
			RebuildScriptCaches (127ms)
			SetupLoadedEditorAssemblies (701ms)
				LogAssemblyErrors (0ms)
				InitializePlatformSupportModulesInManaged (10ms)
				SetLoadedEditorAssemblies (1ms)
				RefreshPlugins (1ms)
				BeforeProcessingInitializeOnLoad (130ms)
				ProcessInitializeOnLoadAttributes (516ms)
				ProcessInitializeOnLoadMethodAttributes (40ms)
				AfterProcessingInitializeOnLoad (2ms)
				EditorAssembliesLoaded (1ms)
			ExecutionOrderSort2 (0ms)
			AwakeInstancesAfterBackupRestoration (7ms)
Platform modules already initialized, skipping
========================================================================
Worker process is ready to serve import requests
Launching external process: /Applications/Unity/Hub/Editor/2021.3.19f1/Unity.app/Contents/Tools/UnityShaderCompiler
Launched and connected shader compiler UnityShaderCompiler after 0.85 seconds
Refreshing native plugins compatible for Editor in 0.75 ms, found 2 plugins.
Preloading 0 native plugins for Editor in 0.00 ms.
Unloading 3049 Unused Serialized files (Serialized files now loaded: 0)
Unloading 23 unused Assets / (321.5 KB). Loaded Objects now: 3510.
Memory consumption went from 103.7 MB to 103.4 MB.
Total: 6.310858 ms (FindLiveObjects: 0.743452 ms CreateObjectMapping: 0.188239 ms MarkObjects: 4.391118 ms  DeleteObjects: 0.986862 ms)

AssetImportParameters requested are different than current active one (requested -> active):
  custom:video-decoder-ogg-theora: a1e56fd34408186e4bbccfd4996cb3dc -> 
  custom:container-muxer-webm: aa71ff27fc2769a1b78a27578f13a17b -> 
  custom:container-demuxer-webm: 4f35f7cbe854078d1ac9338744f61a02 -> 
  custom:video-encoder-webm-vp8: eb34c28f22e8b96e1ab97ce403110664 -> 
  custom:framework-osx-AVFoundation: e770b220cccbd017edd2c1fefb359320 -> 
  custom:audio-encoder-webm-vorbis: bf7c407c2cedff20999df2af8eb42d56 -> 
  custom:container-demuxer-ogg: 62fdf1f143b41e24485cea50d1cbac27 -> 
  custom:video-decoder-webm-vp8: 9c59270c3fd7afecdb556c50c9e8de78 -> 
  custom:audio-decoder-ogg-vorbis: bf7c407c2cedff20999df2af8eb42d56 -> 
========================================================================
Received Import Request.
  Time since last request: 409579.556496 seconds.
  path: Assets/Models/wheelTRI.obj
  artifactKey: Guid(842d546cc1b224007b7340ab3bd3bc39) Importer(815301076,1909f56bfc062723c751e8b465ee728b)
Start importing Assets/Models/wheelTRI.obj using Guid(842d546cc1b224007b7340ab3bd3bc39) Importer(815301076,1909f56bfc062723c751e8b465ee728b)  -> (artifact id: 'd208c9802e636613c69849a99905ce87') in 3.533025 seconds 
========================================================================
Received Import Request.
  Time since last request: 348.372627 seconds.
  path: Assets/Models/wheelTRI.obj
  artifactKey: Guid(842d546cc1b224007b7340ab3bd3bc39) Importer(815301076,1909f56bfc062723c751e8b465ee728b)
Start importing Assets/Models/wheelTRI.obj using Guid(842d546cc1b224007b7340ab3bd3bc39) Importer(815301076,1909f56bfc062723c751e8b465ee728b)  -> (artifact id: 'beab2314f6c49055521a7a35efbff590') in 0.513484 seconds 
========================================================================
Received Import Request.
  Time since last request: 168.835694 seconds.
  path: Assets/Models/wheelTRI.obj
  artifactKey: Guid(842d546cc1b224007b7340ab3bd3bc39) Importer(815301076,1909f56bfc062723c751e8b465ee728b)
Start importing Assets/Models/wheelTRI.obj using Guid(842d546cc1b224007b7340ab3bd3bc39) Importer(815301076,1909f56bfc062723c751e8b465ee728b)  -> (artifact id: 'd8af9c80c6e6bc8a2a35106b09f8e7bd') in 0.246924 seconds 
========================================================================
Received Import Request.
  Time since last request: 140.646388 seconds.
  path: Assets/Models/wheelTRI.obj
  artifactKey: Guid(842d546cc1b224007b7340ab3bd3bc39) Importer(815301076,1909f56bfc062723c751e8b465ee728b)
Start importing Assets/Models/wheelTRI.obj using Guid(842d546cc1b224007b7340ab3bd3bc39) Importer(815301076,1909f56bfc062723c751e8b465ee728b)  -> (artifact id: '29ca49bab074355ea2deda2f60788c50') in 0.305862 seconds 
========================================================================
Received Import Request.
  Time since last request: 53.934788 seconds.
  path: Assets/Models/rueda.obj
  artifactKey: Guid(cf81ec9185f2045f48a8d6ba35c77028) Importer(815301076,1909f56bfc062723c751e8b465ee728b)
Start importing Assets/Models/rueda.obj using Guid(cf81ec9185f2045f48a8d6ba35c77028) Importer(815301076,1909f56bfc062723c751e8b465ee728b)  -> (artifact id: '3da92cc37626d065a38e1f7bfff6b19e') in 0.183730 seconds 
========================================================================
Received Import Request.
  Time since last request: 494.230231 seconds.
  path: Assets/Models/wheelTRI.obj
  artifactKey: Guid(842d546cc1b224007b7340ab3bd3bc39) Importer(815301076,1909f56bfc062723c751e8b465ee728b)
Start importing Assets/Models/wheelTRI.obj using Guid(842d546cc1b224007b7340ab3bd3bc39) Importer(815301076,1909f56bfc062723c751e8b465ee728b)  -> (artifact id: '8a1e7fc44ac85faac2822d85ad75431d') in 0.329165 seconds 
========================================================================
Received Import Request.
  Time since last request: 463.442649 seconds.
  path: Assets/Models/wheelTRI.obj
  artifactKey: Guid(842d546cc1b224007b7340ab3bd3bc39) Importer(815301076,1909f56bfc062723c751e8b465ee728b)
Start importing Assets/Models/wheelTRI.obj using Guid(842d546cc1b224007b7340ab3bd3bc39) Importer(815301076,1909f56bfc062723c751e8b465ee728b)  -> (artifact id: 'e3826759ebcbb34f897293438a76bf77') in 0.098830 seconds 
========================================================================
Received Import Request.
  Time since last request: 274.155810 seconds.
  path: Assets/Models/wheelTRI.obj
  artifactKey: Guid(842d546cc1b224007b7340ab3bd3bc39) Importer(815301076,1909f56bfc062723c751e8b465ee728b)
Start importing Assets/Models/wheelTRI.obj using Guid(842d546cc1b224007b7340ab3bd3bc39) Importer(815301076,1909f56bfc062723c751e8b465ee728b)  -> (artifact id: 'df00a31025967ee8d833276afee8f70e') in 0.424080 seconds 
========================================================================
Received Import Request.
  Time since last request: 132.785983 seconds.
  path: Assets/Models/wheelTRI.obj
  artifactKey: Guid(842d546cc1b224007b7340ab3bd3bc39) Importer(815301076,1909f56bfc062723c751e8b465ee728b)
Start importing Assets/Models/wheelTRI.obj using Guid(842d546cc1b224007b7340ab3bd3bc39) Importer(815301076,1909f56bfc062723c751e8b465ee728b)  -> (artifact id: 'ceabee3042ebab462dcb56d7a2bf4a0e') in 0.045579 seconds 
========================================================================
Received Import Request.
  Time since last request: 497.770191 seconds.
  path: Assets/Models/wheelTRI.obj
  artifactKey: Guid(842d546cc1b224007b7340ab3bd3bc39) Importer(815301076,1909f56bfc062723c751e8b465ee728b)
Start importing Assets/Models/wheelTRI.obj using Guid(842d546cc1b224007b7340ab3bd3bc39) Importer(815301076,1909f56bfc062723c751e8b465ee728b)  -> (artifact id: '6e82b1e2b72d4374af66867c2ec5981d') in 0.107520 seconds 
